perltidy version 20071205 log file on a linux system, OLD_PERL_VERSION=5.010000
Found Configuration File >>> /home/linse/.perltidyrc 
Configuration and command line parameters for this run:
-w -b -log -se -l=250 -nwls=== + - / * -pt=2 -sbt=2 -bt=2 -bbt=2 -nolq -ola -i=4 -lp -ce -nbol -cab=0 -dcsc -bbs -bbb -l=78 -i=4 -ci=4 -se -vt=2 -cti=0 -pt=1 -bt=1 -sbt=1 -bbt=1 -nsfs
To find error messages search for 'WARNING' with your editor
Indentation will be with 4 spaces
Line 1 implies starting-indentation-level = 0
The nesting depths in the table below are at the start of the lines.
The indicated output line numbers are not always exact.
ci = levels of continuation indentation; bk = 1 if in BLOCK, 0 if not.

in:out indent c b  nesting   code + messages; (messages begin with >>>)
lines  levels i k            (code begins with one '.' per indent level)
------  ----- - - --------   -------------------------------------------
L15:15   i0:0 0 1            >>>Guessing old indentation was 5  spaces
L17:15   i2:3 0 0 (({        >>>Start indentation disagreement: input=2; output=3
L18:15   i2:2 0 0 (({        >>>End indentation disagreement from input line 17
L23:15   i1:2 0 0 ((         >>>Start indentation disagreement: input=1; output=2
L29:15   i1:1 0 0 (          >>>End indentation disagreement from input line 23
L30:15   i1:2 0 0 ((         >>>Start indentation disagreement: input=1; output=2
L36:15   i1:1 0 0 (          >>>End indentation disagreement from input line 30
L37:15   i1:2 0 0 ((         >>>Start indentation disagreement: input=1; output=2
L45:45   i0:0 0 1            >>>End indentation disagreement from input line 37
L46:46   i0:1 0 1 {          >>>Start indentation disagreement: input=0; output=1
L47:47   i0:0 0 1 {          >>>End indentation disagreement from input line 46
L48:48   i0:1 0 1 {          >>>Start indentation disagreement: input=0; output=1
L49:49   i0:0 0 1 {          >>>End indentation disagreement from input line 48
L49:49   i0:0 0 1 {          >>>No further tabbing disagreements will be noted
L50:49   i0:0 0 1            $TreeView->size($size);
L50:49   i0:0 0 1            >>>(No else block)
L100:97  i4:2 0 0 ((         ..-style  => { -code => $TreeView-> ....
L108:108 i0:0 0 1            sub recursiveReadDir {
L127:120 i4:4 1 1 {{{{{      >>>List: auto formatting with 1 fields/row
L140:130 i4:4 1 1 {{{{{      >>>List: auto formatting with 1 fields/row
L140:130 i4:4 1 1 {{{{{      >>>Line length exceeded by 19 characters
L146:145 i0:0 0 1            >>>Last line

First indentation disagreement seen at input line 17
Last indentation disagreement seen at input line 144

1 output line exceeded 78 characters:
  at line 135 by 19 characters
