perltidy version 20071205 log file on a linux system, OLD_PERL_VERSION=5.010000
Found Configuration File >>> /home/linse/.perltidyrc 
Configuration and command line parameters for this run:
-w -b -log -se -l=250 -nwls=== + - / * -pt=2 -sbt=2 -bt=2 -bbt=2 -nolq -ola -i=4 -lp -ce -nbol -cab=0 -dcsc -bbs -bbb -l=78 -i=4 -ci=4 -se -vt=2 -cti=0 -pt=1 -bt=1 -sbt=1 -bbt=1 -nsfs
To find error messages search for 'WARNING' with your editor
Indentation will be with 4 spaces
Line 1 implies starting-indentation-level = 0
The nesting depths in the table below are at the start of the lines.
The indicated output line numbers are not always exact.
ci = levels of continuation indentation; bk = 1 if in BLOCK, 0 if not.

in:out indent c b  nesting   code + messages; (messages begin with >>>)
lines  levels i k            (code begins with one '.' per indent level)
------  ----- - - --------   -------------------------------------------
L2:2     i0:0 0 1            >>>Start multi-line quote or pattern ending in '
L4:4     i0:0 1 1            >>>Line length exceeded by 24 characters
L9:9     i0:0 1 1            >>>Line length exceeded by 15 characters
L9:9     i0:0 1 1            >>>End of multi-line quote or pattern
L12:12   i0:0 0 1            >>>Last line

No indentation disagreement seen

2 output lines exceeded 78 characters:
 First at line 4 by 24 characters
 Maximum at line 4 by 24 characters
 Last at line 9 by 15 characters
Suggest including 'use strict;'
