perltidy version 20071205 log file on a linux system, OLD_PERL_VERSION=5.010000
Found Configuration File >>> /home/linse/.perltidyrc 
Configuration and command line parameters for this run:
-w -b -log -se -l=250 -nwls=== + - / * -pt=2 -sbt=2 -bt=2 -bbt=2 -nolq -ola -i=4 -lp -ce -nbol -cab=0 -dcsc -bbs -bbb -l=78 -i=4 -ci=4 -se -vt=2 -cti=0 -pt=1 -bt=1 -sbt=1 -bbt=1 -nsfs
To find error messages search for 'WARNING' with your editor
Indentation will be with 4 spaces
Line 1 implies starting-indentation-level = 0
The nesting depths in the table below are at the start of the lines.
The indicated output line numbers are not always exact.
ci = levels of continuation indentation; bk = 1 if in BLOCK, 0 if not.

in:out indent c b  nesting   code + messages; (messages begin with >>>)
lines  levels i k            (code begins with one '.' per indent level)
------  ----- - - --------   -------------------------------------------
L8:8     i0:0 0 1            >>>Guessing old indentation was 14  spaces
L23:23   i0:1 0 1 {          >>>Start indentation disagreement: input=0; output=1
L38:37   i0:0 0 1 {          >>>End indentation disagreement from input line 23
L41:41   i0:1 0 1 {          >>>Start indentation disagreement: input=0; output=1
L48:47   i0:0 0 1 {          >>>End indentation disagreement from input line 41
L50:50   i0:0 0 1            Style('Crystal');
L55:53   i1:3 0 0 (({        >>>Start indentation disagreement: input=1; output=3
L90:90   i0:0 0 1            >>>End indentation disagreement from input line 55
L91:90   i0:1 0 0 (          >>>Start indentation disagreement: input=0; output=1
L97:90   i0:0 1 1 (          >>>Last line

First indentation disagreement seen at input line 23
Ending with indentation disagreement which started at input line 91

No lines exceeded 78 characters
  Maximum output line length was 76 at line 84
