perltidy version 20071205 log file on a linux system, OLD_PERL_VERSION=5.010000
Found Configuration File >>> /home/linse/.perltidyrc 
Configuration and command line parameters for this run:
-w -b -log -se -l=250 -nwls=== + - / * -pt=2 -sbt=2 -bt=2 -bbt=2 -nolq -ola -i=4 -lp -ce -nbol -cab=0 -dcsc -bbs -bbb -l=78 -i=4 -ci=4 -se -vt=2 -cti=0 -pt=1 -bt=1 -sbt=1 -bbt=1 -nsfs
To find error messages search for 'WARNING' with your editor
Indentation will be with 4 spaces
Line 1 implies starting-indentation-level = 0
The nesting depths in the table below are at the start of the lines.
The indicated output line numbers are not always exact.
ci = levels of continuation indentation; bk = 1 if in BLOCK, 0 if not.

in:out indent c b  nesting   code + messages; (messages begin with >>>)
lines  levels i k            (code begins with one '.' per indent level)
------  ----- - - --------   -------------------------------------------
L1:1     i0:0 0 1            >>>Guessing old indentation was 4  spaces
L3:1     i1:2 0 0 [{         >>>Start indentation disagreement: input=1; output=2
L29:1    i1:1 0 0 [{         >>>End indentation disagreement from input line 3
L31:1    i1:2 0 0 [{         >>>Start indentation disagreement: input=1; output=2
L50:1    i10:6 0 0 [{[{[{     ......'href'    => 'foSource.pl',
L100:1   i5:3 0 0 [{[{       ...},
L146:1   i1:1 0 0 [{         >>>End indentation disagreement from input line 31
L148:1   i1:2 0 0 [{         >>>Start indentation disagreement: input=1; output=2
L150:1   i1:2 0 0 [{         ..'id'      => 'a22',
L152:1   i1:1 0 0 [{         >>>End indentation disagreement from input line 148
L153:1   i0:0 1 1 [          >>>Line length exceeded by 6 characters
L154:154 i0:0 0 1            >>>Last line

First indentation disagreement seen at input line 3
Last indentation disagreement seen at input line 151

1 output line exceeded 78 characters:
  at line 20 by 6 characters
Suggest including 'use warnings;'
Suggest including 'use strict;'
