perltidy version 20071205 log file on a linux system, OLD_PERL_VERSION=5.010000
Found Configuration File >>> /home/linse/.perltidyrc 
Configuration and command line parameters for this run:
-w -b -log -se -l=250 -nwls=== + - / * -pt=2 -sbt=2 -bt=2 -bbt=2 -nolq -ola -i=4 -lp -ce -nbol -cab=0 -dcsc -bbs -bbb -l=78 -i=4 -ci=4 -se -vt=2 -cti=0 -pt=1 -bt=1 -sbt=1 -bbt=1 -nsfs
To find error messages search for 'WARNING' with your editor
Indentation will be with 4 spaces
Line 1 implies starting-indentation-level = 0
The nesting depths in the table below are at the start of the lines.
The indicated output line numbers are not always exact.
ci = levels of continuation indentation; bk = 1 if in BLOCK, 0 if not.

in:out indent c b  nesting   code + messages; (messages begin with >>>)
lines  levels i k            (code begins with one '.' per indent level)
------  ----- - - --------   -------------------------------------------
L2:2     i0:0 0 1            >>>old indentation is unclear, using 7  spaces
L4:2     i4:3 0 0 ({[        >>>Start indentation disagreement: input=4; output=3
L6:2     i1:1 0 0 ({         >>>End indentation disagreement from input line 4
L9:2     i4:3 0 0 ({[        >>>Start indentation disagreement: input=4; output=3
L11:2    i2:2 0 0 ({         >>>End indentation disagreement from input line 9
L13:2    i6:5 0 0 ({[{[      >>>Start indentation disagreement: input=6; output=5
L18:2    i4:4 0 0 ({[{       >>>End indentation disagreement from input line 13
L20:2    i5:6 0 0 ({[{[{     >>>Start indentation disagreement: input=5; output=6
L25:2    i5:5 0 0 ({[{[{     >>>End indentation disagreement from input line 20
L28:2    i6:5 0 0 ({[{[      >>>Start indentation disagreement: input=6; output=5
L33:2    i4:4 0 0 ({[{       >>>End indentation disagreement from input line 28
L34:2    i6:5 0 0 ({[{[      >>>Start indentation disagreement: input=6; output=5
L39:2    i1:1 0 0 ({         >>>End indentation disagreement from input line 34
L39:2    i1:1 0 0 ({         >>>No further tabbing disagreements will be noted
L50:2    i2:2 1 0 ({[        ..],
L57:57   i0:0 0 1            >>>Last line

First indentation disagreement seen at input line 4
Last indentation disagreement seen at input line 49

No lines exceeded 78 characters
  Maximum output line length was 78 at line 22
Suggest including 'use warnings;'
Suggest including 'use strict;'
